
==================== SEED 7 ====================
Gen 01 | best=0.7035 avg=0.4735 var=0.016643 | best_genome=Genome(p_id=0, w_s=0.23202267888574069, w_e=0.08736968901660407, w_c=0.6806076320976552, memory_window=768, theta_mid=0.6267329643582304, theta_high=0.9049443170842792, gamma=0.16991756545217904, history_turns=24)
Gen 02 | best=0.7015 avg=0.5709 var=0.003805 | best_genome=Genome(p_id=0, w_s=0.23202267888574069, w_e=0.08736968901660407, w_c=0.6806076320976552, memory_window=768, theta_mid=0.6267329643582304, theta_high=0.9049443170842792, gamma=0.16991756545217904, history_turns=24)
Gen 03 | best=0.7049 avg=0.5960 var=0.005544 | best_genome=Genome(p_id=0, w_s=0.23202267888574069, w_e=0.08736968901660407, w_c=0.6806076320976552, memory_window=768, theta_mid=0.6267329643582304, theta_high=0.9049443170842792, gamma=0.16991756545217904, history_turns=24)
Gen 04 | best=0.7051 avg=0.6279 var=0.004228 | best_genome=Genome(p_id=2, w_s=0.10831349917114658, w_e=0.08409271595733128, w_c=0.8075937848715221, memory_window=512, theta_mid=0.6208155451738249, theta_high=0.8408042072953656, gamma=0.1401234641155587, history_turns=24)
Gen 05 | best=0.7052 avg=0.6569 var=0.003552 | best_genome=Genome(p_id=0, w_s=0.09462377167042656, w_e=0.10166267345327706, w_c=0.8037135548762964, memory_window=512, theta_mid=0.6267329643582304, theta_high=0.8137078069843413, gamma=0.12319220524564954, history_turns=16)
Gen 06 | best=0.7057 avg=0.6837 var=0.001258 | best_genome=Genome(p_id=2, w_s=0.12464729879968499, w_e=0.10813508425901941, w_c=0.7672176169412955, memory_window=1024, theta_mid=0.6815858055293549, theta_high=0.7255392868571836, gamma=0.1137065378239342, history_turns=24)
Gen 07 | best=0.7058 avg=0.6861 var=0.001252 | best_genome=Genome(p_id=0, w_s=0.09999946556931598, w_e=0.10105904879832463, w_c=0.7989414856323593, memory_window=1024, theta_mid=0.6845692085068491, theta_high=0.8906566538621216, gamma=0.12705638388002444, history_turns=16)
Gen 08 | best=0.7061 avg=0.6868 var=0.001286 | best_genome=Genome(p_id=0, w_s=0.19179466271410822, w_e=0.10720532910686448, w_c=0.7010000081790273, memory_window=768, theta_mid=0.5150049388473258, theta_high=0.8137078069843413, gamma=0.1714545561918186, history_turns=16)
Gen 09 | best=0.7062 avg=0.6867 var=0.001522 | best_genome=Genome(p_id=1, w_s=0.111861309473633, w_e=0.111861309473633, w_c=0.776277381052734, memory_window=1024, theta_mid=0.5442710205065299, theta_high=0.7, gamma=0.2, history_turns=24)
Gen 10 | best=0.7054 avg=0.6918 var=0.001172 | best_genome=Genome(p_id=2, w_s=0.2072916145553048, w_e=0.09625507652533964, w_c=0.6964533089193555, memory_window=512, theta_mid=0.7, theta_high=0.7, gamma=0.13831441265192684, history_turns=16)
Gen 11 | best=0.7057 avg=0.6866 var=0.001318 | best_genome=Genome(p_id=1, w_s=0.12061449382334767, w_e=0.10104984526402537, w_c=0.778335660912627, memory_window=768, theta_mid=0.6476655946735876, theta_high=0.7, gamma=0.1680159605981092, history_turns=16)
Gen 12 | best=0.7067 avg=0.6933 var=0.000670 | best_genome=Genome(p_id=1, w_s=0.10974788284946183, w_e=0.11404310679502938, w_c=0.7762090103555088, memory_window=1024, theta_mid=0.7, theta_high=0.95, gamma=0.13218460525378836, history_turns=20)
Gen 13 | best=0.7059 avg=0.6907 var=0.001440 | best_genome=Genome(p_id=2, w_s=0.2145722245885838, w_e=0.10431224580342707, w_c=0.681115529607989, memory_window=512, theta_mid=0.6271061516911696, theta_high=0.7365601568428816, gamma=0.1284738447927353, history_turns=16)
Gen 14 | best=0.7063 avg=0.6921 var=0.000956 | best_genome=Genome(p_id=0, w_s=0.11283757772964711, w_e=0.10965738585139669, w_c=0.7775050364189562, memory_window=1024, theta_mid=0.7, theta_high=0.7890807905692895, gamma=0.17061348847966826, history_turns=24)
Gen 15 | best=0.7065 avg=0.6848 var=0.001638 | best_genome=Genome(p_id=1, w_s=0.2189470026826223, w_e=0.10643900255750265, w_c=0.674613994759875, memory_window=512, theta_mid=0.6901490794724792, theta_high=0.7005009505297419, gamma=0.15391468195324054, history_turns=16)
Gen 16 | best=0.7073 avg=0.6801 var=0.002161 | best_genome=Genome(p_id=1, w_s=0.08469566959602523, w_e=0.08469566959602523, w_c=0.8306086608079496, memory_window=1024, theta_mid=0.6588071174524335, theta_high=0.7, gamma=0.1149189778507292, history_turns=24)
Gen 17 | best=0.7063 avg=0.6856 var=0.001581 | best_genome=Genome(p_id=1, w_s=0.10505456524394384, w_e=0.12191260086487427, w_c=0.7730328338911819, memory_window=512, theta_mid=0.6872416563188517, theta_high=0.7, gamma=0.2, history_turns=20)
Gen 18 | best=0.7056 avg=0.6891 var=0.001238 | best_genome=Genome(p_id=1, w_s=0.08298729019299357, w_e=0.12255653951531768, w_c=0.7944561702916888, memory_window=1024, theta_mid=0.613476444966982, theta_high=0.7, gamma=0.18787497265176822, history_turns=16)
Gen 19 | best=0.7057 avg=0.6854 var=0.001385 | best_genome=Genome(p_id=2, w_s=0.09345460686103528, w_e=0.10682139788924544, w_c=0.7997239952497193, memory_window=1024, theta_mid=0.6712461243125752, theta_high=0.7, gamma=0.1184866670353801, history_turns=24)
Gen 20 | best=0.7059 avg=0.6829 var=0.001514 | best_genome=Genome(p_id=0, w_s=0.13315668237743894, w_e=0.10293561273328691, w_c=0.7639077048892742, memory_window=1024, theta_mid=0.613476444966982, theta_high=0.7095240350616271, gamma=0.1406476856076572, history_turns=16)
Seed 7 completed in 1141.9s (19.0 min). Best fitness: 0.7073

==================== SEED 8 ====================
Gen 01 | best=0.6928 avg=0.4644 var=0.015321 | best_genome=Genome(p_id=1, w_s=0.10380300605497358, w_e=0.10380300605497358, w_c=0.7923939878900529, memory_window=768, theta_mid=0.44449003003553367, theta_high=0.7669961277884234, gamma=0.19545708456321229, history_turns=12)
Gen 02 | best=0.6947 avg=0.5576 var=0.007820 | best_genome=Genome(p_id=1, w_s=0.15606481709948686, w_e=0.15606481709948686, w_c=0.6878703658010263, memory_window=768, theta_mid=0.6457505881381922, theta_high=0.769354544127533, gamma=0.14500420579041348, history_turns=20)
Gen 03 | best=0.6977 avg=0.6092 var=0.004132 | best_genome=Genome(p_id=1, w_s=0.15606481709948686, w_e=0.15606481709948686, w_c=0.6878703658010263, memory_window=768, theta_mid=0.6457505881381922, theta_high=0.769354544127533, gamma=0.14500420579041348, history_turns=20)
Gen 04 | best=0.6992 avg=0.6309 var=0.004737 | best_genome=Genome(p_id=1, w_s=0.1380986317687467, w_e=0.1942224317874723, w_c=0.667678936443781, memory_window=768, theta_mid=0.5366795528260727, theta_high=0.8050383303280833, gamma=0.19144659067928765, history_turns=24)
Gen 05 | best=0.6983 avg=0.6488 var=0.003819 | best_genome=Genome(p_id=2, w_s=0.1322236335986126, w_e=0.13259391227837714, w_c=0.7351824541230103, memory_window=768, theta_mid=0.44449003003553367, theta_high=0.7669961277884234, gamma=0.2, history_turns=24)
Gen 06 | best=0.6991 avg=0.6707 var=0.002118 | best_genome=Genome(p_id=0, w_s=0.11785792569949646, w_e=0.12900732409262325, w_c=0.7531347502078803, memory_window=1024, theta_mid=0.46753475604214817, theta_high=0.7602295795042312, gamma=0.1872955129087357, history_turns=16)
Gen 07 | best=0.6999 avg=0.6843 var=0.000887 | best_genome=Genome(p_id=1, w_s=0.10176127069771355, w_e=0.20252681622668356, w_c=0.6957119130756029, memory_window=1024, theta_mid=0.5632077672222033, theta_high=0.8623366129247501, gamma=0.15005928326651802, history_turns=16)
Gen 08 | best=0.6987 avg=0.6770 var=0.001547 | best_genome=Genome(p_id=1, w_s=0.09219667971775755, w_e=0.21501506115331473, w_c=0.6927882591289277, memory_window=512, theta_mid=0.48762795955198895, theta_high=0.7928827748304165, gamma=0.09198018906447439, history_turns=24)
Gen 09 | best=0.6988 avg=0.6790 var=0.001641 | best_genome=Genome(p_id=1, w_s=0.1353566111428455, w_e=0.13587377356171837, w_c=0.7287696152954362, memory_window=512, theta_mid=0.6142543695080908, theta_high=0.768480310375132, gamma=0.13720163509615324, history_turns=24)
Gen 10 | best=0.6987 avg=0.6781 var=0.001711 | best_genome=Genome(p_id=0, w_s=0.09527359563344859, w_e=0.09527359563344859, w_c=0.8094528087331029, memory_window=1024, theta_mid=0.7, theta_high=0.7662315801156293, gamma=0.2, history_turns=16)
Gen 11 | best=0.6987 avg=0.6710 var=0.002275 | best_genome=Genome(p_id=1, w_s=0.10254569276534328, w_e=0.1948420570310145, w_c=0.7026122502036422, memory_window=1024, theta_mid=0.7, theta_high=0.8001244258126137, gamma=0.148154340855901, history_turns=16)
Gen 12 | best=0.7000 avg=0.6751 var=0.001828 | best_genome=Genome(p_id=0, w_s=0.11868149694780093, w_e=0.13149891234680053, w_c=0.7498195907053985, memory_window=1024, theta_mid=0.5609611836274915, theta_high=0.7908077697372702, gamma=0.1835910210143168, history_turns=16)
Gen 13 | best=0.6992 avg=0.6727 var=0.001948 | best_genome=Genome(p_id=0, w_s=0.1872427500578957, w_e=0.1229756200265573, w_c=0.6897816299155469, memory_window=512, theta_mid=0.6748885066151251, theta_high=0.7954259150875147, gamma=0.1367564947155622, history_turns=16)
Gen 14 | best=0.6987 avg=0.6765 var=0.001614 | best_genome=Genome(p_id=1, w_s=0.11522995754356695, w_e=0.15675698377114006, w_c=0.728013058685293, memory_window=512, theta_mid=0.5609611836274915, theta_high=0.7618248438928215, gamma=0.2, history_turns=16)
Gen 15 | best=0.6995 avg=0.6826 var=0.001062 | best_genome=Genome(p_id=1, w_s=0.11522995754356695, w_e=0.15675698377114006, w_c=0.728013058685293, memory_window=512, theta_mid=0.5609611836274915, theta_high=0.8802102971052599, gamma=0.2, history_turns=16)
Gen 16 | best=0.7000 avg=0.6834 var=0.001012 | best_genome=Genome(p_id=0, w_s=0.08598141058832903, w_e=0.10839589916028881, w_c=0.8056226902513822, memory_window=768, theta_mid=0.6307526342122595, theta_high=0.8831693362466952, gamma=0.16088898557473352, history_turns=16)
Gen 17 | best=0.7003 avg=0.6851 var=0.000928 | best_genome=Genome(p_id=2, w_s=0.11961821796237447, w_e=0.10805923869760248, w_c=0.772322543340023, memory_window=768, theta_mid=0.7, theta_high=0.7256865238702939, gamma=0.17410790495142475, history_turns=24)
Gen 18 | best=0.7000 avg=0.6791 var=0.001278 | best_genome=Genome(p_id=1, w_s=0.11938722756920889, w_e=0.10776470624452217, w_c=0.772848066186269, memory_window=512, theta_mid=0.5609611836274915, theta_high=0.9438301108078513, gamma=0.18339306267308747, history_turns=24)
Gen 19 | best=0.6986 avg=0.6749 var=0.001963 | best_genome=Genome(p_id=1, w_s=0.10553335151123504, w_e=0.18720519845601935, w_c=0.7072614500327457, memory_window=1024, theta_mid=0.5579121718540938, theta_high=0.8295469924439615, gamma=0.08829049885237412, history_turns=20)
Gen 20 | best=0.6993 avg=0.6893 var=0.000535 | best_genome=Genome(p_id=1, w_s=0.10553335151123504, w_e=0.18720519845601935, w_c=0.7072614500327457, memory_window=1024, theta_mid=0.5579121718540938, theta_high=0.8295469924439615, gamma=0.08829049885237412, history_turns=20)
Seed 8 completed in 1128.7s (18.8 min). Best fitness: 0.7003

==================== SEED 9 ====================
Gen 01 | best=0.7091 avg=0.4924 var=0.015689 | best_genome=Genome(p_id=2, w_s=0.18851891971233142, w_e=0.13715169298526658, w_c=0.674329387302402, memory_window=512, theta_mid=0.5470647131403459, theta_high=0.8591903972020383, gamma=0.010589612541784255, history_turns=20)
Gen 02 | best=0.7146 avg=0.5736 var=0.008195 | best_genome=Genome(p_id=1, w_s=0.22222222222222224, w_e=0.11111111111111112, w_c=0.6666666666666666, memory_window=1024, theta_mid=0.5601672220882136, theta_high=0.7, gamma=0.10765896611678008, history_turns=20)
Gen 03 | best=0.7162 avg=0.6113 var=0.003773 | best_genome=Genome(p_id=1, w_s=0.11595431137922618, w_e=0.14941613035227222, w_c=0.7346295582685016, memory_window=768, theta_mid=0.6446926349013802, theta_high=0.9045232734559048, gamma=0.2, history_turns=24)
Gen 04 | best=0.7153 avg=0.6332 var=0.004779 | best_genome=Genome(p_id=1, w_s=0.11595431137922618, w_e=0.14941613035227222, w_c=0.7346295582685016, memory_window=768, theta_mid=0.6446926349013802, theta_high=0.9045232734559048, gamma=0.2, history_turns=24)
Gen 05 | best=0.7155 avg=0.6718 var=0.003391 | best_genome=Genome(p_id=1, w_s=0.1041017553735802, w_e=0.1208107666932239, w_c=0.7750874779331959, memory_window=512, theta_mid=0.5650161568443208, theta_high=0.708265979514272, gamma=0.2, history_turns=24)
Gen 06 | best=0.7163 avg=0.6819 var=0.001907 | best_genome=Genome(p_id=1, w_s=0.11944763622932636, w_e=0.12718615089309673, w_c=0.7533662128775769, memory_window=512, theta_mid=0.464785332591679, theta_high=0.8603787955642314, gamma=0.11827347607450907, history_turns=24)
Gen 07 | best=0.7158 avg=0.6940 var=0.001394 | best_genome=Genome(p_id=1, w_s=0.10690289378529809, w_e=0.11412401984695852, w_c=0.7789730863677434, memory_window=512, theta_mid=0.5531647396865282, theta_high=0.708265979514272, gamma=0.2, history_turns=24)
Gen 08 | best=0.7155 avg=0.7000 var=0.001046 | best_genome=Genome(p_id=1, w_s=0.10823053064176921, w_e=0.10823053064176921, w_c=0.7835389387164615, memory_window=1024, theta_mid=0.6169216911698616, theta_high=0.8057777787420651, gamma=0.18738367801776065, history_turns=24)
Gen 09 | best=0.7162 avg=0.6982 var=0.001375 | best_genome=Genome(p_id=1, w_s=0.1172386794630626, w_e=0.10287019190298356, w_c=0.7798911286339538, memory_window=1024, theta_mid=0.5531647396865282, theta_high=0.8266272246395976, gamma=0.2, history_turns=24)
Gen 10 | best=0.7156 avg=0.6969 var=0.001261 | best_genome=Genome(p_id=1, w_s=0.10047472196042329, w_e=0.10511362277479291, w_c=0.7944116552647837, memory_window=768, theta_mid=0.48104852164709777, theta_high=0.8155320118840951, gamma=0.16690475006123873, history_turns=16)
Gen 11 | best=0.7162 avg=0.6980 var=0.001195 | best_genome=Genome(p_id=1, w_s=0.10782446658956969, w_e=0.11091923569905873, w_c=0.7812562977113716, memory_window=1024, theta_mid=0.5284545880894096, theta_high=0.8693706820469461, gamma=0.17407656110164638, history_turns=24)
Gen 12 | best=0.7155 avg=0.6939 var=0.001369 | best_genome=Genome(p_id=1, w_s=0.15771980841276192, w_e=0.1107576059621138, w_c=0.7315225856251243, memory_window=768, theta_mid=0.6262114002421998, theta_high=0.780797457031271, gamma=0.2, history_turns=24)
Gen 13 | best=0.7165 avg=0.7002 var=0.000874 | best_genome=Genome(p_id=1, w_s=0.09999992407701522, w_e=0.15417089798112188, w_c=0.745829177941863, memory_window=768, theta_mid=0.5733410030568561, theta_high=0.7820610969971451, gamma=0.2, history_turns=24)
Gen 14 | best=0.7155 avg=0.6958 var=0.001294 | best_genome=Genome(p_id=1, w_s=0.11053958230864047, w_e=0.20491545980995887, w_c=0.6845449578814007, memory_window=768, theta_mid=0.498686049436759, theta_high=0.8039918235858426, gamma=0.2, history_turns=24)
Gen 15 | best=0.7162 avg=0.7040 var=0.000924 | best_genome=Genome(p_id=1, w_s=0.09979967659701346, w_e=0.09979967659701346, w_c=0.8004006468059731, memory_window=1024, theta_mid=0.5793173895014466, theta_high=0.95, gamma=0.09504159065756011, history_turns=24)
Gen 16 | best=0.7164 avg=0.6961 var=0.001676 | best_genome=Genome(p_id=2, w_s=0.12664556592912068, w_e=0.12423294919112567, w_c=0.7491214848797536, memory_window=512, theta_mid=0.7, theta_high=0.755667105467428, gamma=0.12219880885682236, history_turns=24)
Gen 17 | best=0.7158 avg=0.6962 var=0.001305 | best_genome=Genome(p_id=1, w_s=0.15350020413482907, w_e=0.101308707964933, w_c=0.7451910879002379, memory_window=512, theta_mid=0.5856273022501047, theta_high=0.8509059754069576, gamma=0.16613636637620072, history_turns=24)
Gen 18 | best=0.7159 avg=0.7002 var=0.001274 | best_genome=Genome(p_id=0, w_s=0.12380486525766139, w_e=0.12377767652416909, w_c=0.7524174582181695, memory_window=512, theta_mid=0.5451818487814787, theta_high=0.7869291166738055, gamma=0.19061985846856316, history_turns=24)
Gen 19 | best=0.7156 avg=0.7004 var=0.001070 | best_genome=Genome(p_id=1, w_s=0.1179739444030876, w_e=0.1040533599158317, w_c=0.7779726956810807, memory_window=512, theta_mid=0.5813716009326656, theta_high=0.7513591983597272, gamma=0.1491859279061732, history_turns=24)
Gen 20 | best=0.7154 avg=0.7015 var=0.001138 | best_genome=Genome(p_id=2, w_s=0.10935948535474159, w_e=0.10907212631962107, w_c=0.7815683883256374, memory_window=1024, theta_mid=0.4989804611380596, theta_high=0.9045232734559048, gamma=0.1278225886024602, history_turns=24)
Seed 9 completed in 1161.3s (19.4 min). Best fitness: 0.7165

==================== SEED 10 ====================
Gen 01 | best=0.6879 avg=0.4494 var=0.014025 | best_genome=Genome(p_id=1, w_s=0.19672573409544125, w_e=0.13035956672795437, w_c=0.6729146991766044, memory_window=1024, theta_mid=0.4346701208006233, theta_high=0.7748845850381322, gamma=0.17021760860635915, history_turns=8)
Gen 02 | best=0.6955 avg=0.5383 var=0.008792 | best_genome=Genome(p_id=1, w_s=0.1859438722713418, w_e=0.12321500660025704, w_c=0.6908411211284012, memory_window=1024, theta_mid=0.4346701208006233, theta_high=0.7748845850381322, gamma=0.17021760860635915, history_turns=20)
Gen 03 | best=0.6974 avg=0.5791 var=0.006142 | best_genome=Genome(p_id=2, w_s=0.15112852461682919, w_e=0.1561574176086488, w_c=0.6927140577745221, memory_window=1024, theta_mid=0.49543463649227587, theta_high=0.7963178166512566, gamma=0.1517772381975792, history_turns=16)
Gen 04 | best=0.6977 avg=0.6167 var=0.005508 | best_genome=Genome(p_id=1, w_s=0.133012436664276, w_e=0.10698976662662757, w_c=0.7599977967090963, memory_window=1024, theta_mid=0.6224208784524408, theta_high=0.8150252033050412, gamma=0.1672192307198863, history_turns=16)
Gen 05 | best=0.6989 avg=0.6628 var=0.002973 | best_genome=Genome(p_id=0, w_s=0.1088111201185422, w_e=0.12755930697540777, w_c=0.76362957290605, memory_window=768, theta_mid=0.4, theta_high=0.95, gamma=0.16685849661550353, history_turns=20)
Gen 06 | best=0.6993 avg=0.6764 var=0.001438 | best_genome=Genome(p_id=2, w_s=0.09320899030408154, w_e=0.09620183230393729, w_c=0.8105891773919811, memory_window=512, theta_mid=0.43563824117714117, theta_high=0.7237892449317007, gamma=0.16477736242897778, history_turns=16)
Gen 07 | best=0.6994 avg=0.6834 var=0.001114 | best_genome=Genome(p_id=1, w_s=0.10068992829879848, w_e=0.14160295992411975, w_c=0.7577071117770817, memory_window=1024, theta_mid=0.48478249731030215, theta_high=0.7963178166512566, gamma=0.11628048683884042, history_turns=24)
Gen 08 | best=0.6999 avg=0.6815 var=0.001326 | best_genome=Genome(p_id=2, w_s=0.11034932654843653, w_e=0.19233750956044648, w_c=0.697313163891117, memory_window=768, theta_mid=0.445501687788333, theta_high=0.7963178166512566, gamma=0.1872960863862248, history_turns=24)
Gen 09 | best=0.6994 avg=0.6750 var=0.001920 | best_genome=Genome(p_id=2, w_s=0.10720577187797882, w_e=0.10720577187797882, w_c=0.7855884562440424, memory_window=1024, theta_mid=0.4, theta_high=0.7963178166512566, gamma=0.11628048683884042, history_turns=24)
Gen 10 | best=0.6984 avg=0.6831 var=0.001053 | best_genome=Genome(p_id=1, w_s=0.10986777167341026, w_e=0.13855921323253464, w_c=0.751573015094055, memory_window=1024, theta_mid=0.4, theta_high=0.7717345929120274, gamma=0.15688292268226625, history_turns=24)
Gen 11 | best=0.6992 avg=0.6820 var=0.001454 | best_genome=Genome(p_id=0, w_s=0.11430037642976922, w_e=0.21972610575065848, w_c=0.6659735178195723, memory_window=1024, theta_mid=0.44714140907927, theta_high=0.8913045241200982, gamma=0.13363322942238384, history_turns=24)
Gen 12 | best=0.6998 avg=0.6825 var=0.001103 | best_genome=Genome(p_id=2, w_s=0.13673219187446925, w_e=0.11891561789026923, w_c=0.7443521902352616, memory_window=1024, theta_mid=0.585615734527571, theta_high=0.9077604102251119, gamma=0.12743879362837127, history_turns=20)
Gen 13 | best=0.6996 avg=0.6749 var=0.001772 | best_genome=Genome(p_id=0, w_s=0.11712076854302654, w_e=0.12480235288621565, w_c=0.7580768785707579, memory_window=512, theta_mid=0.44000406829854366, theta_high=0.8994369752056846, gamma=0.12333058062638103, history_turns=20)
Gen 14 | best=0.6988 avg=0.6829 var=0.000998 | best_genome=Genome(p_id=2, w_s=0.08333333333333334, w_e=0.08333333333333334, w_c=0.8333333333333334, memory_window=512, theta_mid=0.4052552215145171, theta_high=0.8719493429365597, gamma=0.14677418106290302, history_turns=20)
Gen 15 | best=0.6998 avg=0.6791 var=0.001303 | best_genome=Genome(p_id=2, w_s=0.10113659000567013, w_e=0.12789497823271, w_c=0.7709684317616198, memory_window=1024, theta_mid=0.4223618262652135, theta_high=0.9296362860244708, gamma=0.15485174865150664, history_turns=20)
Gen 16 | best=0.6990 avg=0.6824 var=0.001067 | best_genome=Genome(p_id=1, w_s=0.10313740448227023, w_e=0.20124130024708659, w_c=0.6956212952706432, memory_window=512, theta_mid=0.4034212348582009, theta_high=0.8557924269216504, gamma=0.14677418106290302, history_turns=20)
Gen 17 | best=0.6993 avg=0.6802 var=0.001510 | best_genome=Genome(p_id=0, w_s=0.11710235135275088, w_e=0.09994378351104986, w_c=0.7829538651361991, memory_window=1024, theta_mid=0.4223618262652135, theta_high=0.9296362860244708, gamma=0.18836422258336596, history_turns=24)
Gen 18 | best=0.6990 avg=0.6712 var=0.002154 | best_genome=Genome(p_id=2, w_s=0.10221046975973021, w_e=0.10253085210665844, w_c=0.7952586781336114, memory_window=1024, theta_mid=0.4, theta_high=0.95, gamma=0.18836422258336596, history_turns=24)
Gen 19 | best=0.6990 avg=0.6855 var=0.000796 | best_genome=Genome(p_id=2, w_s=0.1738475844217479, w_e=0.14467569472945666, w_c=0.6814767208487955, memory_window=512, theta_mid=0.4540057217666101, theta_high=0.9270639624284797, gamma=0.11536635814431084, history_turns=24)
Gen 20 | best=0.6990 avg=0.6831 var=0.001176 | best_genome=Genome(p_id=1, w_s=0.09979240492875424, w_e=0.13141039009427166, w_c=0.7687972049769741, memory_window=512, theta_mid=0.4, theta_high=0.9022494752464612, gamma=0.18552794159716837, history_turns=20)
Seed 10 completed in 1141.7s (19.0 min). Best fitness: 0.6999

==================== SEED 11 ====================
Gen 01 | best=0.7002 avg=0.4905 var=0.013632 | best_genome=Genome(p_id=0, w_s=0.10578420465337146, w_e=0.22080687148821665, w_c=0.6734089238584119, memory_window=512, theta_mid=0.5803851530745816, theta_high=0.792926011648307, gamma=0.0906416209447698, history_turns=20)
Gen 02 | best=0.7032 avg=0.5697 var=0.008875 | best_genome=Genome(p_id=2, w_s=0.10578420465337146, w_e=0.22080687148821665, w_c=0.6734089238584119, memory_window=1024, theta_mid=0.6397621776504364, theta_high=0.792926011648307, gamma=0.0906416209447698, history_turns=20)
Gen 03 | best=0.7021 avg=0.6144 var=0.005394 | best_genome=Genome(p_id=1, w_s=0.10995845939819056, w_e=0.19005983676333932, w_c=0.6999817038384701, memory_window=512, theta_mid=0.5803851530745816, theta_high=0.9392162695534417, gamma=0.11876844198384715, history_turns=20)
Gen 04 | best=0.7024 avg=0.6493 var=0.003770 | best_genome=Genome(p_id=0, w_s=0.10574575283513454, w_e=0.1503191878785848, w_c=0.7439350592862807, memory_window=512, theta_mid=0.43221669965349785, theta_high=0.95, gamma=0.10793782576517995, history_turns=20)
Gen 05 | best=0.7024 avg=0.6627 var=0.003208 | best_genome=Genome(p_id=1, w_s=0.10610236128481515, w_e=0.1876304368074882, w_c=0.7062672019076965, memory_window=512, theta_mid=0.4866996707384928, theta_high=0.95, gamma=0.12, history_turns=20)
Gen 06 | best=0.7039 avg=0.6841 var=0.001358 | best_genome=Genome(p_id=2, w_s=0.2179200048179599, w_e=0.1038902746997909, w_c=0.6781897204822491, memory_window=768, theta_mid=0.6397621776504364, theta_high=0.9392162695534417, gamma=0.13919561716038853, history_turns=24)
Gen 07 | best=0.7030 avg=0.6727 var=0.002113 | best_genome=Genome(p_id=1, w_s=0.10906058493761565, w_e=0.12076592673672934, w_c=0.770173488325655, memory_window=1024, theta_mid=0.43850047464632586, theta_high=0.8542128633046351, gamma=0.0906416209447698, history_turns=24)
Gen 08 | best=0.7028 avg=0.6801 var=0.001746 | best_genome=Genome(p_id=0, w_s=0.13032447633711772, w_e=0.10698179376680533, w_c=0.762693729896077, memory_window=512, theta_mid=0.5805350802443543, theta_high=0.7183077043710223, gamma=0.152651933817123, history_turns=24)
Gen 09 | best=0.7032 avg=0.6833 var=0.001315 | best_genome=Genome(p_id=2, w_s=0.18167032898532207, w_e=0.1033060537298818, w_c=0.7150236172847961, memory_window=512, theta_mid=0.6708660089081095, theta_high=0.7738645651503799, gamma=0.16463314155474304, history_turns=16)
Gen 10 | best=0.7032 avg=0.6824 var=0.001618 | best_genome=Genome(p_id=2, w_s=0.12509649313345744, w_e=0.11044276180843522, w_c=0.7644607450581073, memory_window=512, theta_mid=0.5986027358565624, theta_high=0.7033658234902276, gamma=0.12592013691640724, history_turns=24)
Gen 11 | best=0.7023 avg=0.6842 var=0.001152 | best_genome=Genome(p_id=1, w_s=0.17485491887058244, w_e=0.09368683210765132, w_c=0.7314582490217661, memory_window=768, theta_mid=0.5033373052307036, theta_high=0.8107650727524269, gamma=0.10098479569783801, history_turns=20)
Gen 12 | best=0.7035 avg=0.6833 var=0.001623 | best_genome=Genome(p_id=2, w_s=0.1193246635613891, w_e=0.13203420411638042, w_c=0.7486411323222305, memory_window=768, theta_mid=0.5663868843477828, theta_high=0.8224709959252188, gamma=0.16130360864492543, history_turns=20)
Gen 13 | best=0.7032 avg=0.6773 var=0.001909 | best_genome=Genome(p_id=0, w_s=0.14961686887167605, w_e=0.10047000718548948, w_c=0.7499131239428345, memory_window=768, theta_mid=0.5685348214338813, theta_high=0.8690727893033883, gamma=0.15758192789284794, history_turns=24)
Gen 14 | best=0.7027 avg=0.6802 var=0.001792 | best_genome=Genome(p_id=2, w_s=0.10672449677865312, w_e=0.18714405863612907, w_c=0.7061314445852178, memory_window=1024, theta_mid=0.5691016736937677, theta_high=0.7783327349933306, gamma=0.169608962625359, history_turns=24)
Gen 15 | best=0.7032 avg=0.6922 var=0.000777 | best_genome=Genome(p_id=2, w_s=0.09882680060112009, w_e=0.21023490069624465, w_c=0.6909382987026352, memory_window=1024, theta_mid=0.5226771401173715, theta_high=0.7186559517577523, gamma=0.16735244529951382, history_turns=24)
Gen 16 | best=0.7033 avg=0.6889 var=0.000890 | best_genome=Genome(p_id=0, w_s=0.10760288486827413, w_e=0.16069810393980807, w_c=0.7316990111919178, memory_window=512, theta_mid=0.5986027358565624, theta_high=0.7033658234902276, gamma=0.12592013691640724, history_turns=20)
Gen 17 | best=0.7027 avg=0.6864 var=0.001399 | best_genome=Genome(p_id=0, w_s=0.10766692853621601, w_e=0.18789738018673674, w_c=0.7044356912770472, memory_window=768, theta_mid=0.5746594910835756, theta_high=0.7783327349933306, gamma=0.169608962625359, history_turns=20)
Gen 18 | best=0.7025 avg=0.6884 var=0.000867 | best_genome=Genome(p_id=0, w_s=0.10382727386923452, w_e=0.11116955332165179, w_c=0.7850031728091137, memory_window=768, theta_mid=0.45323674696125316, theta_high=0.8202335068470815, gamma=0.17931038147353, history_turns=16)
Gen 19 | best=0.7028 avg=0.6845 var=0.001249 | best_genome=Genome(p_id=0, w_s=0.11711883798660049, w_e=0.1271196563322483, w_c=0.7557615056811512, memory_window=512, theta_mid=0.6016970003185007, theta_high=0.7783327349933306, gamma=0.09194860237390982, history_turns=20)
Gen 20 | best=0.7025 avg=0.6865 var=0.001359 | best_genome=Genome(p_id=1, w_s=0.12090650123621617, w_e=0.11436032432077266, w_c=0.7647331744430111, memory_window=512, theta_mid=0.4638270387353748, theta_high=0.7, gamma=0.1763925894534376, history_turns=16)
Seed 11 completed in 1081.6s (18.0 min). Best fitness: 0.7039

==================================================
SUMMARY (5-seed replication)
  Seed 7: fitness=0.7073, time=19.0min
  Seed 8: fitness=0.7003, time=18.8min
  Seed 9: fitness=0.7165, time=19.4min
  Seed 10: fitness=0.6999, time=19.0min
  Seed 11: fitness=0.7039, time=18.0min

Mean: 0.7056
Std:  0.0068
Saved 5-seed summary to experiments/multiturn_p100_5seed_summary.json
